client/components/AboutSection.tsx(19,20): error TS2345: Argument of type 'DocumentData' is not assignable to parameter of type 'SetStateAction<HomePageContent | null>'.
  Type 'DocumentData' is missing the following properties from type 'HomePageContent': about_title, about_desc
client/components/admin/AnalyticsDashboard.tsx(18,26): error TS2345: Argument of type 'DocumentData' is not assignable to parameter of type 'SetStateAction<AggregateStats | null>'.
  Type 'DocumentData' is missing the following properties from type 'AggregateStats': totalVisits, pageViews
client/components/GlobalErrorBoundary.tsx(24,31): error TS2345: Argument of type 'string | null | undefined' is not assignable to parameter of type 'string | undefined'.
  Type 'null' is not assignable to type 'string | undefined'.
client/components/Hero.tsx(28,28): error TS2345: Argument of type 'DocumentData' is not assignable to parameter of type 'SetStateAction<HomePageContent | null>'.
  Type 'DocumentData' is missing the following properties from type 'HomePageContent': title, description, about_title, about_desc
client/components/SchemaData.tsx(22,28): error TS2345: Argument of type 'DocumentData' is not assignable to parameter of type 'SetStateAction<SeoSettings | null>'.
  Type 'DocumentData' is missing the following properties from type 'SeoSettings': collegeName, address, phone, email, and 2 more.
client/pages/admin/NewsManager.tsx(42,18): error TS2304: Cannot find name 'Timestamp'.
client/pages/admin/NewsManager.tsx(44,18): error TS2304: Cannot find name 'Timestamp'.
client/pages/admin/NewsManager.tsx(46,18): error TS2304: Cannot find name 'Timestamp'.
